Start testing: Jun 11 00:18 ?D1迆㊣那℅?那㊣??
----------------------------------------------------------
1/3 Testing: test_hash_map
1/3 Test: test_hash_map
Command: "F:/DATABASE/pj2/myjql/build/test/Debug/test_hash_map.exe"
Directory: F:/DATABASE/pj2/myjql/build/test
"test_hash_map" start time: Jun 11 00:18 ?D1迆㊣那℅?那㊣??
Output:
----------------------------------------------------------
<end of output>
Test time =   0.05 sec
----------------------------------------------------------
Test Passed.
"test_hash_map" end time: Jun 11 00:18 ?D1迆㊣那℅?那㊣??
"test_hash_map" time elapsed: 00:00:00
----------------------------------------------------------

2/3 Testing: test_str
2/3 Test: test_str
Command: "F:/DATABASE/pj2/myjql/build/test/Debug/test_str.exe"
Directory: F:/DATABASE/pj2/myjql/build/test
"test_str" start time: Jun 11 00:18 ?D1迆㊣那℅?那㊣??
Output:
----------------------------------------------------------
<end of output>
Test time =   0.05 sec
----------------------------------------------------------
Test Passed.
"test_str" end time: Jun 11 00:18 ?D1迆㊣那℅?那㊣??
"test_str" time elapsed: 00:00:00
----------------------------------------------------------

3/3 Testing: test_b_tree
3/3 Test: test_b_tree
Command: "F:/DATABASE/pj2/myjql/build/test/Debug/test_b_tree.exe"
Directory: F:/DATABASE/pj2/myjql/build/test
"test_b_tree" start time: Jun 11 00:18 ?D1迆㊣那℅?那㊣??
Output:
----------------------------------------------------------
PAGE_SIZE = 128
DEGREE = 2
BNode size: 104
<end of output>
Test time = 332.05 sec
----------------------------------------------------------
Test Passed.
"test_b_tree" end time: Jun 11 00:24 ?D1迆㊣那℅?那㊣??
"test_b_tree" time elapsed: 00:05:32
----------------------------------------------------------

End testing: Jun 11 00:24 ?D1迆㊣那℅?那㊣??
